[2022-12-05 12:35:19,143] 15 root - INFO - >>>>>>>>>>>>>>>>>>>>>>>>>>>>>>>>>>>>>>>> Data Ingestion <<<<<<<<<<<<<<<<<<<<<<<<<<<<<<<<<<<<<<<<
[2022-12-05 12:35:19,143] 22 root - INFO - Exporting collection data as pandas dataframe
[2022-12-05 12:35:19,143] 20 root - INFO - Reading data from the database aps and collection is sensor
[2022-12-05 12:35:22,931] 22 root - INFO - Found column: Index(['_id', 'class', 'aa_000', 'ab_000', 'ac_000', 'ad_000', 'ae_000',
       'af_000', 'ag_000', 'ag_001',
       ...
       'ee_002', 'ee_003', 'ee_004', 'ee_005', 'ee_006', 'ee_007', 'ee_008',
       'ee_009', 'ef_000', 'eg_000'],
      dtype='object', length=172)
[2022-12-05 12:35:22,932] 24 root - INFO - Droppig the column: _id
[2022-12-05 12:35:23,165] 26 root - INFO - Row and column in df: (36188, 171)
[2022-12-05 12:35:23,165] 28 root - INFO - Save data in feature store
[2022-12-05 12:35:23,982] 34 root - INFO - Create feature store folder if not available
[2022-12-05 12:35:23,983] 38 root - INFO - Save df to feature store folder
[2022-12-05 12:35:26,634] 43 root - INFO - split dataset into train and test set
[2022-12-05 12:35:27,407] 47 root - INFO - create dataset directory folder if not available
[2022-12-05 12:35:27,407] 52 root - INFO - Save df to feature store folder
[2022-12-05 12:35:29,614] 64 root - INFO - Data ingestion artifact: DataIngestionArtifact(feature_store_file_path='/config/workspace/artifact/12-05-2022__12:35:19/data_ingestion/feature_store/sensor.csv', train_file_path='/config/workspace/artifact/12-05-2022__12:35:19/data_ingestion/dataset/train.csv', test_file_path='/config/workspace/artifact/12-05-2022__12:35:19/data_ingestion/dataset/test.csv')
[2022-12-05 12:35:30,123] 17 root - INFO - >>>>>>>>>>>>>>>>>>>>>>>>>>>>>>>>>>>>>>>> Data Validation <<<<<<<<<<<<<<<<<<<<<<<<<<<<<<<<<<<<<<<<
[2022-12-05 12:35:33,125] 38 root - INFO - electing the columns name with null value more than threshold
[2022-12-05 12:35:34,111] 44 root - INFO - Dropped columns Index(['ab_000', 'bn_000', 'bo_000', 'bp_000', 'bq_000', 'br_000', 'cr_000'], dtype='object')
[2022-12-05 12:35:34,863] 38 root - INFO - electing the columns name with null value more than threshold
[2022-12-05 12:35:34,874] 44 root - INFO - Dropped columns Index(['ab_000', 'bn_000', 'bo_000', 'bp_000', 'bq_000', 'br_000', 'cr_000'], dtype='object')
[2022-12-05 12:35:35,042] 38 root - INFO - electing the columns name with null value more than threshold
[2022-12-05 12:35:35,048] 44 root - INFO - Dropped columns Index(['ab_000', 'bn_000', 'bo_000', 'bp_000', 'bq_000', 'br_000', 'cr_000'], dtype='object')
